10902 150000 375
46972 92774 351
5364 20794 279
86518 94407 333
78886 83881 320
9606 22117 279
35219 73374 340
31472 39417 324
955 10965 262
16115 21302 279
20882 54858 340
1948 80512 351
745 38209 324
86840 96927 333
1846 31953 308
8248 75851 340
73055 86499 351
320000 350000 441
12611 32768 308
7066 78883 351
60554 61020 335
22849 44745 324
6117 70947 340
25377 48533 324
11852 39733 324
31587 94457 351
14028 80759 351
70593 71620 325
31146 82267 351
20736 66236 340
4261 80532 351
79775 90843 333
35314 49485 324
7583 68069 340
33120 44286 324
2179 56862 340
52312 71188 340
61706 74590 330
40558 59987 340
2926 42210 324
5372 45554 324
47326 56600 340
5205 96356 351
80496 89437 333
45914 53778 340
2424 59184 340
28686 87495 351
25859 53489 340
15001 44096 324
1401 48945 324
3119 92966 351
3749 80936 351
59062 94678 351
50532 99454 351
37793 92366 351
52596 89810 351
37388 58585 340
56646 87532 351
26513 46635 324
68960 84625 351
40292 59185 340
26171 62671 340
100 77417 351
62135 97746 351
41731 85440 351
54851 75401 335
30116 37293 324
226 12332 268
15863 28417 308
15358 68427 340
37034 46723 314
27851 78165 351
50170 53498 340
10025 33139 308
58822 98801 351
70573 99377 351
65855 74793 325
46148 70448 340
11132 16731 276
3262 93505 351
44316 70865 340
26718 38764 324
599 95390 351
59856 92781 351
20428 70001 340
28061 50806 324
35654 64841 340
88816 93637 333
81818 99582 333
26071 76542 340
1223 56297 340
20434 36911 324
79537 93257 333
25354 64969 340
13829 66793 340
6929 64518 340
53726 85777 351
26678 29873 272
7290 58598 340
2806 5293 238
