9 8 20
10 4 20
8 5 17
1 6 9
6 5 9
3 9 20
9 1 20
3 6 9
1 4 8
10 7 20
8 3 17
9 4 20
7 4 17
10 4 20
5 8 17
4 9 20
10 2 20
3 10 20
5 10 20
10 3 20
6 10 20
4 3 8
2 7 17
6 5 9
8 6 17
93 64 116
33 112 119
90 70 116
35 31 107
8 119 119
118 77 119
69 67 28
88 91 93
1 52 112
75 88 111
23 89 116
35 74 116
48 80 116
118 79 119
127 49 119
118 94 119
104 21 119
7 72 113
55 6 113
93 81 111
128 77 119
88 101 119
43 7 112
5 77 116
15 126 119
831 640 171
41 199 125
294 834 171
32 31 107
889 529 179
81 950 179
963 942 130
25 588 144
411 197 144
9 968 179
44 1003 179
620 625 132
799 528 171
814 658 171
1023 125 179
798 761 153
240 345 144
234 963 179
597 294 144
367 880 179
650 932 179
207 777 171
694 132 145
742 173 171
845 521 171
628 540 137
1006 170 179
265 905 179
236 544 144
784 563 171
729 49 171
748 974 179
842 310 171
304 1006 179
412 168 144
703 358 171
168 833 171
136 108 122
725 180 171
279 356 144
2024 5875 238
5811 4452 236
5730 2784 238
1250 2035 180
1171 8727 262
8973 174 262
78758 7440 351
88005 79270 333
61159 92849 351
676503 757680 504
