1 1 1
657148 696581 442
299425 543242 470
184458 153247 383
48228 502840 449
118097 791767 509
616714 692609 509
389579 465340 449
899096 121207 525
858608 898335 445
232735 321074 407
270103 337636 407
681835 952396 525
630738 661852 429
362927 259675 441
45380 769777 509
319217 771960 509
241601 926467 525
314392 300878 384
522175 948523 525
176887 319308 443
748418 747151 362
720345 975876 525
299504 945771 525
499870 19138 449
100000 999999 525
859672 503885 525
850798 826696 525
697885 426999 509
949709 929202 507
925868 206722 525
179474 814912 509
20346 226056 386
250313 793485 509
507776 648484 509
93304 581134 470
258449 782200 509
360787 143079 443
487658 179292 449
204064 118571 383
214711 300171 443
862817 612809 525
837151 126681 509
372811 995851 525
531670 438602 470
118795 841450 525
59799 556154 470
145662 62613 375
690423 47207 509
994121 12977 525
276159 514458 470
712239 48233 509
724024 449102 509
274715 936161 525
358844 788678 509
400049 330526 441
171218 250707 443
185808 737727 509
8972 8972 48
835666 437579 509
410138 313644 449
340842 891249 525
287589 644109 509
832430 379258 509
161113 358241 443
842994 411534 525
459459 400022 449
945074 991034 458
426587 100000 449
416490 829568 509
372720 148879 443
352112 932631 525
820727 169645 509
257583 733813 509
459691 300566 449
599945 943125 525
285652 928871 525
643070 66767 509
444264 607032 470
773070 719567 468
568774 565791 359
337923 196413 443
538176 557179 452
177814 758128 509
86824 264201 443
130773 563513 470
462565 895460 525
412026 331226 449
901590 136951 525
496856 664444 509
123250 488489 449
433454 998053 525
814367 909625 525
872286 459235 525
290478 91550 443
465327 919099 525
500091 359953 449
953478 556642 525
868706 105336 525
323182 420800 449
