3202 9664 262
3968 8361 262
5345 9636 262
996 9001 262
3137 5264 238
3248 61 217
9543 2571 262
2100 6928 262
9965 8939 260
9409 6082 262
2482 3837 238
3350 3701 207
787 2433 183
7243 7156 195
101 3999 238
4833 3537 238
5345 8928 262
3910 4979 215
7931 8127 252
3264 4023 238
5754 4764 236
4828 633 238
3825 3437 238
3271 4207 238
514 9802 262
376 3716 238
1865 8363 262
9303 9918 242
1370 6316 262
7938 4839 262
8527 733 262
6144 7181 262
1658 4884 238
613 9540 262
5797 9290 262
7126 7791 239
2517 4267 238
776 1781 182
7114 8736 252
8637 4217 262
7830 3790 262
3407 5019 238
1847 9293 262
9127 1638 262
6391 8864 257
5165 642 238
1368 7407 262
4845 5256 210
3722 4741 215
4009 7298 262
5351 7672 262
5676 7405 262
9484 5875 262
9816 5008 262
1076 5017 238
1906 9733 262
6484 8371 257
1098 556 179
1531 9417 262
4179 1242 238
3562 3835 238
9884 6153 262
4934 508 238
7280 2818 262
3712 2293 238
2490 9624 262
7394 5363 262
72 3628 217
3533 3237 181
9475 9400 154
4049 913 238
9367 9885 211
3432 7114 262
6179 4442 262
6062 4163 236
3614 9323 262
5629 4148 236
2232 2302 152
492 3500 217
5799 7411 262
3861 5333 215
9998 4324 262
1050 2926 217
4885 6652 262
9887 391 262
5824 2528 238
447 741 171
6033 4223 236
2896 6828 262
7118 1394 262
9378 4164 262
3908 4788 215
8834 633 262
2061 4232 238
6385 3517 262
2906 8535 262
7495 8457 252
2727 3870 238
6660 3789 262
7508 8898 252
