287893 266531 407
259548 877873 525
508480 705522 509
398921 559214 470
470154 957533 525
937101 97359 525
221203 995448 525
208289 199687 373
210197 633939 509
957258 788946 525
349148 43417 443
990398 363015 525
97882 60327 351
107170 957517 525
603858 280860 470
755085 83718 509
53204 432149 449
296714 264283 407
438 644415 509
325216 953066 525
27586 598563 470
567256 849976 525
494638 648314 509
87552 717500 509
691863 40431 509
479049 811845 509
237353 532945 470
283777 241072 407
99271 653841 509
964730 235701 525
963133 541726 525
402460 527659 470
870343 749444 525
970838 712209 525
908221 11150 525
439313 160848 449
649610 436750 509
722277 257868 509
133557 660907 509
528859 33200 470
404254 856040 525
618595 229037 470
613024 190770 470
359557 213235 443
206046 47435 383
187669 483332 449
579054 61358 470
555358 653944 509
271521 731631 509
563605 744199 509
2457 436389 449
261576 530482 470
699095 838489 525
341071 552958 470
271230 674186 509
76542 260312 443
854504 838788 419
548823 573668 421
178417 244787 443
491675 22450 449
968196 298809 525
850732 246986 525
15362 171345 383
822150 330219 509
866016 411057 525
273307 367999 441
804798 118285 509
314899 133656 443
783034 121354 509
598475 856140 525
578841 940762 525
649602 368501 509
352521 246130 441
240147 557573 470
616457 340965 470
346046 472713 449
458252 805297 509
666565 103662 509
111546 102542 354
966956 128231 525
853081 505823 525
965416 124815 525
637794 271571 509
722029 364826 509
953374 91493 525
307900 467246 449
72657 695822 509
741803 116178 509
549170 244524 470
602424 350174 470
505108 807080 509
78751 914007 525
763875 422982 509
853831 546455 525
488360 297384 449
106110 379734 443
155597 355794 443
467915 498788 426
481462 676393 509
592174 56156 470
