79726 63267 351
7034 14916 276
74693 22629 340
79861 32561 351
27256 72762 340
8318 26051 282
30189 75691 340
56548 22666 340
31525 46296 324
24349 30423 308
36368 26029 324
33612 20022 308
82395 40007 351
13060 34195 308
29544 2787 308
7462 36579 324
17703 82156 351
59208 7565 340
24717 86465 351
80327 33036 351
22517 20517 269
18727 79065 351
43184 50253 314
35361 88620 351
43655 59711 340
29044 80023 351
85740 62656 351
10046 78136 351
12664 23107 279
22331 42209 324
25894 29794 308
78788 43598 351
21950 47997 324
51163 46668 314
44462 41490 288
79704 66980 351
62008 8432 340
56046 15192 340
58686 1407 340
13813 12341 276
61119 42857 340
2365 56859 340
15514 12411 276
44996 28178 324
35519 67327 340
70388 61413 330
7121 59176 340
15011 29072 308
17173 66174 340
75741 61636 330
17665 65446 340
38616 79674 351
73879 4663 340
4867 42565 324
6070 18680 279
54907 67190 335
61537 57273 335
34049 77051 351
69684 79045 351
15230 15203 147
56373 85619 351
76617 63495 325
54795 1628 340
2568 71968 340
67803 78309 351
43605 85469 351
53756 82222 351
75143 37635 340
86885 80011 320
80200 2956 351
8691 45107 324
70146 70228 219
12380 14196 276
57280 82065 351
3242 72511 340
7269 59615 340
68130 83887 351
33111 32926 267
85515 35679 351
14895 63319 340
23989 58500 340
58789 77746 351
50722 43933 314
25381 47607 324
33944 15581 308
50564 42635 314
60689 30710 340
22864 73070 340
44906 80145 351
65136 48148 340
62657 72405 330
17764 40788 324
66292 50875 340
73714 61808 330
86555 88609 333
35128 20545 311
57109 3918 340
8291 17832 279
47851 33672 324
65440 81796 351
49254 26004 324
34432 19944 311
56714 57297 304
3014 11621 268
47443 68150 340
59769 20100 340
50556 77534 351
60889 26849 340
38409 44603 306
88657 34965 351
43213 33786 324
55510 10323 340
37704 63801 340
28155 85556 351
7474 3596 262
77353 56728 351
29600 21785 308
76673 86315 351
79083 79687 307
7936 36526 324
57838 67706 335
56627 18394 340
55240 27516 340
45243 3650 324
72120 43901 340
38616 25333 324
77688 4126 351
35656 25393 324
67928 63812 312
20949 75402 340
67408 8303 340
42131 7009 324
30089 28804 272
3324 19172 279
18492 11261 279
55699 76330 335
78968 22326 351
4725 44209 324
49843 49969 234
47860 31964 324
3871 86476 351
57298 81559 351
602 2954 217
16952 68531 340
66767 37901 340
53933 44176 340
46205 6065 324
51185 76294 340
34870 54510 340
5466 53363 340
65772 61166 330
39694 54740 340
83492 44419 351
8950 43336 324
4388 56810 340
75301 8260 340
53286 42599 340
45554 16771 324
32419 22321 308
54673 86353 351
66498 10878 340
2419 27683 308
87172 37289 351
82194 2639 351
653 57966 340
63805 40347 340
22707 57298 340
84766 31657 351
10635 89155 351
88467 85936 333
7415 51754 324
38535 7235 324
15643 84089 351
24006 48063 324
16411 78679 351
44416 82909 351
89558 46836 351
20593 86731 351
84126 12787 351
89370 84779 333
70754 63176 330
35126 3462 311
30474 29893 272
35119 41109 324
29048 33587 285
37045 36464 262
85342 75581 351
43699 10985 324
69670 67706 312
59048 86081 351
56386 13464 340
78990 55944 351
60301 9583 340
52675 54427 322
22371 52046 324
49206 3126 324
25222 84333 351
6588 55697 340
24226 41708 324
6806 53275 340
75296 43852 340
89739 70638 351
29434 43439 324
81623 9104 351
21145 50671 324
5186 77532 351
64136 84177 351
43476 34437 324
3760 6152 236
88864 26132 351
58199 48071 340
29258 83422 351
42404 35846 306
49119 66630 340
77555 55926 351
29905 62851 340
9779 29645 308
43489 39213 306
73085 35112 340
48317 4231 324
85784 53504 351
81763 59920 351
47681 35240 324
4358 51441 324
41393 3223 324
77574 9592 351
51295 16832 324
3015 3699 207
52679 52134 340
70330 40235 340
18060 10236 279
13086 27839 308
39882 56576 340
67052 22968 340
1689 25370 282
27199 87473 351
78874 18963 351
57394 36556 340
54203 61753 335
87998 5597 351
64976 75572 325
15190 26271 282
2405 18205 279
29971 55085 340
70339 10302 340
5320 88400 351
20538 18406 274
26240 60421 340
74982 3293 340
83389 76672 351
28664 20588 308
74145 17539 340
39552 41540 306
54095 3756 340
13293 52093 324
9353 78270 351
37665 24543 324
14542 40071 324
42749 44513 270
5156 23089 279
54816 10476 340
21489 75354 340
28883 47729 324
45776 13866 324
51023 39165 314
538 79687 351
59754 74684 335
7226 9306 260
26224 61321 340
13062 39517 324
23415 22416 269
27787 61081 340
46960 42329 314
11152 89709 351
86843 16309 351
22799 51659 324
26786 44288 324
37014 55669 340
2018 82790 351
69536 53041 335
31956 70074 340
42729 1710 324
54759 49955 340
11017 80983 351
21277 24080 282
30501 44692 324
46497 58289 340
15773 3457 276
10619 26926 308
3167 7462 262
43235 25966 324
59122 70021 335
70255 6137 340
35690 72274 340
88928 15227 351
35316 30884 311
85302 78045 338
32595 50061 324
38001 43612 306
41044 59278 340
67693 71546 325
13971 24190 282
39835 29745 324
27648 50454 324
56671 30815 340
57917 9906 340
56782 27039 340
79927 37037 351
33176 25618 308
19311 32104 308
40846 54627 340
62989 36148 340
42672 5584 324
86209 80673 320
49197 37254 314
49952 26890 324
18800 63923 340
51081 58636 340
3668 78729 351
19090 60340 340
19545 77008 340
70246 76327 325
14047 60174 340
23364 47224 324
85793 42675 351
79329 36639 351
7302 52319 324
72787 49975 340
57903 68997 335
40649 17101 324
16251 601 276
43992 35052 324
64525 5073 340
3688 68194 340
83803 22779 351
38534 13348 324
9787 18781 279
89675 23835 351
78955 23039 351
71060 74748 325
65715 60389 335
21388 73017 340
22709 4175 279
32993 80612 351
73172 73642 294
7714 89424 351
74244 51706 340
34476 48770 324
56779 38165 340
26964 50582 324
60944 65499 335
63930 70732 312
84280 63605 351
4567 73236 340
86645 75627 351
57985 62360 335
46017 79373 351
45378 68726 340
83549 78371 338
59339 66721 335
62014 67053 330
66145 46258 340
28759 10622 308
5029 85539 351
48787 31993 324
46122 19731 324
7493 20053 279
463 1773 182
83658 5031 351
75010 80304 351
80659 42995 351
52664 36676 340
32369 8043 308
15403 25918 282
86414 74743 351
2639 58429 340
51796 68785 340
14688 80556 351
79407 19717 351
76096 38194 340
51710 32218 324
57926 59203 273
52271 58390 340
60977 45930 340
63422 45987 340
36234 54081 340
88983 88899 240
758 31353 308
6942 16161 276
57271 3357 340
905 59911 340
61786 52702 335
38697 76474 340
43258 28104 324
6191 29355 308
66299 57902 335
61573 34226 340
27106 23844 308
2617 88084 351
69775 66039 312
44071 16009 324
30120 43055 324
14909 30878 308
74408 21851 340
47040 41680 314
25208 47945 324
11591 86995 351
10647 50288 324
73469 53906 335
78393 79661 338
83261 54693 351
47563 54835 340
88919 74670 351
78680 1536 351
72754 58455 335
67575 26826 340
74465 7696 340
69881 89374 351
38574 54290 340
21226 85615 351
5971 46435 324
43561 17562 324
43430 54209 340
67851 26900 340
18115 56245 340
16561 11377 276
20938 64125 340
66212 19858 340
48795 54892 340
21394 31549 308
23348 88970 351
58375 7813 340
6666 38257 324
7188 45241 324
2548 28414 308
40856 8519 324
74850 84418 351
26082 28280 308
48627 3934 324
55180 66742 335
60179 71742 335
78120 81118 338
45867 54333 340
10976 4663 268
19225 32370 308
36213 42574 306
31341 4589 308
50387 38007 314
42847 57575 340
83249 45395 351
85990 34105 351
53915 70840 335
28524 79997 351
9121 77151 351
83931 64302 351
53894 54111 247
46044 42014 314
45229 1912 324
6347 56205 340
6576 25573 282
88576 42789 351
68148 29917 340
47378 28535 324
67924 226 340
86111 61173 351
45621 82102 351
5279 9537 262
62943 33803 340
89534 72064 351
20955 83466 351
46367 74849 340
47578 2412 324
26864 2807 308
4324 33212 308
59013 10901 340
58785 57589 273
53690 36934 340
87506 11069 351
65469 65431 193
11295 61581 340
36605 56917 340
53684 41884 340
66454 26627 340
75688 65989 325
8692 6643 257
59456 55059 322
81493 17034 351
57471 18357 340
19842 61796 340
51569 78855 351
72697 20355 340
46444 36388 314
57289 43951 340
47457 32759 324
19382 58753 340
4341 55987 340
25671 58025 340
7872 2126 262
84653 83561 320
68116 3345 340
205 37572 324
58405 81698 351
54607 25876 340
10056 74450 340
87672 61625 351
63305 70370 330
81981 19750 351
16758 49271 324
63702 64216 255
82030 83084 320
32969 86371 351
49072 58641 340
54397 56944 322
60767 49050 340
50506 38883 314
52396 50711 309
76456 20801 340
42409 41063 288
46677 52465 314
25514 44350 324
24091 88819 351
24720 16073 282
18570 41479 324
65344 82272 351
15695 57374 340
75357 48665 340
53746 34429 340
17306 18144 279
1374 78074 351
67195 51880 340
26958 29591 272
12591 13414 276
50392 55001 340
54478 7070 340
17467 79992 351
51421 41559 314
78812 76142 351
57632 7382 340
27621 32977 285
89655 43317 351
352 75012 340
1982 54099 340
19442 19289 212
72243 20816 340
7364 49438 324
72697 34322 340
79030 85289 320
47737 39423 314
50291 12216 324
46494 67758 340
2209 7915 262
19318 81021 351
84058 76951 351
88404 21679 351
19928 88060 351
64997 20280 340
73072 66980 325
74379 2515 340
86270 56623 351
23331 3634 279
16062 6029 276
37957 5092 324
1318 85695 351
44515 51609 314
7911 1009 262
29368 10121 308
8925 48686 324
1143 2983 217
35638 89548 351
24663 55566 340
87608 89660 333
75847 70681 325
66640 60227 335
73196 62910 330
26850 6528 308
66545 42912 340
12557 14502 276
48004 13875 324
10198 2520 262
65484 18110 340
3530 4853 238
28231 12455 308
53540 29374 340
15439 89178 351
28922 40102 324
54745 26531 340
39763 40593 306
7212 16404 276
10820 80409 351
79314 37671 351
86937 55860 351
80583 9494 351
70363 38588 340
23370 80561 351
41109 88855 351
8671 44639 324
3708 36903 324
57095 57249 304
66277 72535 325
56427 5200 340
22637 21173 269
31732 62401 340
61766 38945 340
78805 72587 351
29354 68120 340
20258 26292 282
33980 10842 308
35787 14343 324
49430 59157 340
4905 539 238
58012 13577 340
45179 61721 340
50480 12274 324
28970 26758 259
84809 85398 289
31959 17447 308
16572 63691 340
79849 78339 338
12636 68654 340
60926 41991 340
46774 81185 351
68283 80755 351
2027 14070 276
5099 51458 324
73227 10005 340
51998 41240 314
23582 7177 282
12962 74062 340
19452 41932 324
10821 14262 276
37331 42780 306
31710 53903 340
16472 21559 279
42242 29108 324
213 13168 268
71099 46988 340
4354 49382 324
37744 6381 324
63453 42843 340
57839 46680 340
52848 19837 340
87921 76431 351
27015 10883 308
60494 46467 340
52815 71315 335
60730 147 340
24096 2440 282
54050 40568 340
23999 6292 282
69677 24213 340
19461 50777 324
71202 23815 340
10160 18946 279
30197 73613 340
61790 88037 351
30294 24639 308
17875 28215 308
11070 44890 324
39098 71565 340
1358 1914 180
52881 62088 335
2061 76977 340
64528 56111 335
27546 88528 351
62404 7224 340
22741 81865 351
58001 3944 340
15681 68161 340
22890 45878 324
51775 84680 351
43916 82069 351
19320 61791 340
20284 30391 308
16681 59383 340
11956 18039 279
61297 64837 330
80128 63358 351
51814 54656 340
29469 79361 351
53185 1873 340
86585 75926 351
83739 54586 351
79870 9421 351
32748 12761 308
55300 84524 351
7442 9216 252
76593 26762 340
71007 6878 340
57153 87689 351
66261 69109 312
15729 37558 324
43947 5857 324
10917 5761 262
60514 40387 340
85123 23699 351
42261 81708 351
9626 36000 324
46295 89496 351
45421 79044 351
12258 10722 268
73568 19700 340
19938 60162 340
46463 945 324
67040 13616 340
88635 43302 351
82726 14364 351
80861 36673 351
20221 1778 279
42435 80735 351
42165 37558 306
14434 84426 351
29267 24061 308
30427 75563 340
23558 75849 340
64607 35816 340
86571 48176 351
55517 16509 340
18338 11980 279
17455 85379 351
25597 16090 282
38681 18324 324
30454 29543 272
54997 50676 340
31321 7433 308
41412 73486 340
44992 55847 340
67913 74260 325
79908 8340 351
59823 13466 340
84189 34430 351
49282 80760 351
82607 14799 351
7270 10945 260
26780 24725 308
6325 52377 324
40816 45007 288
70701 71270 312
74550 35699 340
31947 15871 308
43133 73359 340
89358 88125 315
39206 67272 340
72385 29114 340
75612 42208 340
42580 69802 340
76639 1863 340
60563 69246 335
16663 67833 340
80192 43443 351
2559 86518 351
5821 43375 324
41525 76523 340
24645 26076 264
22222 56592 340
41948 65355 340
39952 41306 288
63481 79158 351
18579 45866 324
18272 4191 279
88075 60853 351
73993 74715 294
62716 44556 340
53962 79380 351
22390 44154 324
32823 24949 308
40673 38644 306
68324 82199 351
25167 2970 282
18275 47390 324
59563 60223 317
22746 9515 279
11530 86227 351
88673 30109 351
42094 16946 324
34301 40169 324
77800 18294 351
24884 50517 324
62851 78846 351
39897 85241 351
33001 72721 340
20190 73675 340
21366 88515 351
65874 46533 340
1485 84149 351
3924 61048 340
54373 26670 340
70563 65903 312
22898 69237 340
6013 64992 340
86184 40314 351
15162 73984 340
58609 40047 340
34502 31460 311
28893 74399 340
26702 61895 340
57121 46893 340
45570 78487 351
45408 21444 324
35021 46894 324
15594 38945 324
17942 69967 340
65616 88506 351
45871 88514 351
67743 51884 340
63506 63928 255
2198 78669 351
47913 60807 340
28716 82415 351
2268 57610 340
66815 28970 340
29505 33936 285
75864 75076 294
22423 31273 308
6521 57445 340
78167 22116 351
6390 6109 262
2083 72007 340
4616 47954 324
70521 72360 325
9838 44028 324
46288 12037 324
32697 4201 308
72844 61413 330
86616 75112 351
29023 63432 340
14083 58529 340
7368 89948 351
43606 29792 324
31221 50128 324
87237 19388 351
72244 3628 340
25498 74327 340
75635 30114 340
32282 56157 340
12474 42120 324
10186 58763 340
54158 42883 340
62964 37002 340
14297 59581 340
22115 43321 324
33013 36199 324
11851 40382 324
36147 55457 340
70174 67368 312
15585 67412 340
86757 87829 333
71040 22255 340
72157 56676 335
52370 14439 324
22833 64845 340
56560 33019 340
33608 20718 308
75903 6572 340
57721 201 340
66153 79837 351
43522 9167 324
26036 55373 340
49549 62184 340
20831 29724 308
39552 36416 306
7136 36310 324
34246 78177 351
58566 16404 340
44853 20936 324
30843 67687 340
85781 87404 333
10707 29390 308
18123 86610 351
35962 75844 340
86812 12116 351
65682 40334 340
21284 1718 279
5708 70833 340
63902 26539 340
10557 13455 276
62956 17694 340
49766 7203 324
5871 18332 279
23607 50725 324
39268 54451 340
28412 35050 311
51855 39120 314
64440 69978 312
35731 10403 324
55823 32543 340
22520 31505 308
72877 43804 340
33224 78586 351
24638 7127 282
15125 35196 311
20583 78082 351
52890 70349 335
85285 58762 351
88681 18893 351
19487 37950 324
73344 47900 340
73000 35200 340
87020 47441 351
15178 32751 308
57844 71002 335
65295 80365 351
12508 48172 324
34169 45732 324
36759 58807 340
52860 51885 340
4003 73443 340
39967 56894 340
53792 35253 340
25656 52474 324
54146 45143 340
424 37490 324
3043 73425 340
72690 64 340
30866 87869 351
32816 88711 351
68872 8111 340
79076 81380 320
56284 23246 340
37113 3043 324
82053 89973 333
54928 86057 351
73417 4895 340
52951 37210 340
40149 78607 351
89684 4295 351
33751 109 308
41786 36795 306
73534 24477 340
36859 14401 324
22347 69676 340
13112 1219 268
77787 2189 351
82599 44071 351
25435 29713 308
47115 17489 324
29687 12043 308
13546 13104 276
16939 66498 340
50314 57088 340
55106 49999 340
61384 88857 351
50108 13171 324
35652 33643 311
37648 72512 340
48044 59995 340
52188 61157 340
61214 39976 340
63346 53814 335
84048 88781 333
83528 41163 351
16270 23215 279
53207 29817 340
36319 70146 340
6315 86634 351
37235 61422 340
46633 8620 324
60279 6742 340
21791 5932 279
40385 59439 340
78445 88429 338
29435 40634 324
59587 650 340
80610 32933 351
54465 74658 335
31714 47993 324
25821 47985 324
71208 79028 351
77803 17527 351
59175 84118 351
14161 6411 276
55540 60795 322
15031 25820 282
67537 36823 340
31753 17922 308
6263 20198 279
16352 35698 324
60832 75939 335
36349 51442 314
18872 814 279
36101 50587 314
48807 61923 340
8573 30015 308
50952 86376 351
47543 20127 324
80495 61705 351
26539 46036 324
32500 41571 324
71857 10038 340
78394 13610 351
27960 84658 351
33808 44313 324
30357 4641 308
30252 66706 340
56084 49125 340
67520 2185 340
9713 26327 282
64108 18287 340
56343 25061 340
14664 13887 258
45189 5159 324
