7417 66242 340
851 44641 324
3398 53278 355
1846 96114 351
8666 22633 279
8570 92729 351
8841 24225 282
6828 35001 311
1925 2415 183
8270 39027 324
3458 37894 324
7118 87753 351
435 72061 340
2400 97120 351
5688 88839 351
166 48763 324
2641 87626 351
8184 90779 351
6669 13803 276
7657 68838 340
1079 72297 340
319 52545 386
7799 40073 324
9663 19992 279
456 16206 276
1712 5570 238
2942 45619 324
4713 71022 340
3836 28977 308
8923 30842 308
5087 18199 279
2927 29705 308
5160 92989 351
9272 60219 340
296 14317 276
6699 44534 324
9530 74552 340
6369 23889 282
266 93043 351
3493 69445 340
3707 40782 324
6691 59283 340
7777 87172 351
1654 37970 324
1197 86089 351
3539 25971 282
4671 60335 340
5398 69170 340
3632 90506 351
112 50926 324
9842 96186 351
7951 95114 351
7608 89236 351
32 67513 340
3735 95882 351
8850 36980 324
3647 9749 262
8488 44426 324
5741 25677 282
4307 30116 308
2541 4360 238
4490 71400 340
7535 22798 279
3965 80543 351
6394 80544 351
9164 79086 351
6193 81898 351
1020 13895 276
124 42635 324
3773 10592 262
2599 66756 340
1725 89841 351
3920 63789 340
1278 88649 351
5680 93037 351
5505 99029 351
6213 51807 324
6360 20288 279
4005 45428 324
9403 80881 351
2857 35868 324
900 40823 324
4385 30052 308
7472 75879 341
1040 68643 340
5472 65702 340
92 65024 340
4336 92340 351
6779 47223 324
9733 93856 351
3722 33581 308
4469 25315 282
9288 41146 324
4485 91871 351
5013 83496 351
9607 46805 324
157 85949 351
4150 87148 351
8305 84348 351
8321 95464 351
