1 1 1
2 2 2
10 1 20
69 69 15
100 1 119
262800 833064 509
292918 721012 509
928658 134272 525
910675 16576 525
583649 688471 509
634812 420266 509
427883 953644 525
236459 356792 441
651012 54731 509
952187 110238 525
913907 702535 525
848858 223280 525
308995 29104 443
875551 794374 525
783751 426247 509
848016 934240 476
880036 322317 525
963411 831169 525
498772 756816 509
282830 566822 470
492110 99136 449
372545 137719 443
71992 423373 449
687183 109507 509
823424 787851 468
17314 419435 449
78037 64489 351
752718 523975 509
127131 186116 383
937277 315267 525
493198 134579 449
288850 188195 443
416032 68595 449
846729 454500 525
509773 380611 449
934239 346244 525
503109 38508 449
687635 174708 509
327664 293846 384
917403 656499 525
608116 596376 403
332209 279607 389
701885 494074 509
61277 320301 443
296883 485407 449
510266 198215 449
168664 492251 449
641242 160503 509
620015 12979 470
100947 986537 525
600703 292454 470
162387 161764 321
824918 446245 509
217437 256948 443
549648 326314 470
87915 723626 509
194086 403284 443
61427 683712 509
172711 796281 509
626627 692442 442
331781 213769 443
213143 697267 509
364765 547821 470
196541 372706 443
187198 754812 509
769287 469206 509
552014 305104 470
783795 667394 504
331597 461023 449
934336 872146 476
613774 852557 525
847049 906870 445
352379 645779 509
932175 20321 525
700885 667431 442
573793 248436 470
503049 283810 449
1807 716820 509
715452 149691 509
413395 754913 509
561525 933356 525
205830 581716 470
86221 885548 525
965490 224911 525
20295 236596 443
975024 391919 525
655386 923803 525
167095 972477 525
559122 124338 470
733631 271803 509
249023 662172 509
537860 503764 470
43182 774234 509
56126 163626 383
890409 929627 476
440954 622443 470
206129 106951 383
549543 964282 525
590983 505427 470
688900 640534 442
