900 999999 525
200 100 125
1 999999 525
200050 415555 449
733185 878223 525
526034 637276 509
617540 907620 525
257012 763802 509
148180 801564 509
99594 913269 525
783123 964759 525
625578 635847 509
22178 752015 509
775669 887893 525
188281 531918 470
284247 690243 509
27502 808298 509
169743 988398 525
94434 701467 509
193323 277499 443
502244 971773 525
553636 737013 509
521541 609874 452
830537 913455 525
908920 934191 476
543185 881652 525
688106 768986 504
947389 987118 458
694733 787865 504
504350 585833 470
556837 962829 525
450432 849411 525
330756 951842 525
877744 934324 476
251688 393391 441
306836 319709 384
4676 227555 386
185789 619941 470
59517 482384 449
96692 391215 443
301236 961329 525
69059 635134 509
786156 847975 525
247509 967909 525
141598 208042 383
125301 791407 509
336997 963600 525
52695 169158 383
446397 563054 470
664869 879638 525
731224 817366 468
511129 896619 525
735575 767807 468
391383 869129 525
32342 195958 383
68559 134561 354
639799 700498 442
48324 977880 525
689308 809909 504
415039 982320 525
824339 925110 525
160866 444422 449
579340 703107 509
552775 652564 509
837353 939153 525
395690 586766 470
639471 897877 525
866156 903402 445
93857 593803 470
272193 599111 470
838112 840205 388
956348 975210 458
131966 705529 509
44255 406478 443
628651 836241 504
9384 39356 324
76261 31840 340
15291 84107 351
55362 32740 340
14747 52817 340
44388 26641 324
18302 26961 308
37492 36023 262
11676 89763 351
58041 43569 340
12542 9656 268
7176 42098 324
18678 85939 351
70403 23816 340
7897 47701 324
43473 26270 324
14916 12897 276
68534 27848 340
11171 33942 308
15110 14822 271
9903 55933 340
19569 468210 449
75817 80680 351
981693 988488 427
137242 474074 449