1 10 20
100 200 125
201 210 89
900 1000 174
1 9 20
99 1000 179
123 1234 182
333 444 134
999990 999999 259
1 99999 351
34 67 113
90 99 119
150 290 128
300 500 144
1 1 1
2 2 2
3 3 8
103784 74821 351
322625 348531 441
83097 36160 351
370932 409109 436
931051 896547 476
889083 866164 445
907262 946174 507
991544 981385 427
885587 903790 445
244419 226576 443
539126 492168 470
227496 252374 443
616032 572103 447
929557 930848 370
808637 779094 468
654623 641194 416
449726 419626 418
419376 467147 444
304857 334313 384
893758 875498 445
409758 421660 449
762630 718555 424
181206 200234 360
8847 42930 324
370190 367086 392
347605 305872 441
315223 343604 384
491907 465424 413
950606 962775 414
178455 213628 373
415170 368130 449
206858 246509 443
229369 229478 200
270191 231127 407
649588 643372 385
525321 569653 452
660779 650572 429
751199 774224 468
525171 559217 452
964393 920860 507
180478 180666 316
839739 846293 401
857519 854353 388
99024 92111 328
654989 678087 442
615899 584633 447
982897 951968 458
987922 971932 427
570172 524367 452
595828 595983 297
4258 14976 276
462598 494959 426
176121 133722 383
407415 374809 436
349700 375526 410
947043 944256 383
297200 284768 389
641959 597733 509
469555 485821 413
200934 195696 342
718512 711430 411
809946 773254 468
915267 885870 476
440141 479862 444
161371 119290 383
593695 572702 434
257114 279460 407
892122 903753 401
103637 74193 351
437344 452092 400
831833 815981 450
298257 341153 384
282373 253515 407
359027 338773 441
145933 195616 383
539243 556345 452
539564 582925 452
277967 293816 389
634562 644752 416
47842 35069 324
504705 527298 470
580046 584997 434
100926 102847 310
946245 952109 414
911257 864110 476
126693 175869 383
830059 800133 450
147743 121830 375
936293 926032 476
861864 890057 445
146450 125906 375
763875 738245 424
338040 303531 384
264938 254323 407
901896 909200 445
751464 781478 468
849065 851939 357
826630 777822 468
311079 325394 384
827073 804272 450
252223 256613 363
