1 10 20
100 200 125
201 210 89
900 1000 174
10 1 20
200 100 125
210 201 89
1000 900 174
1 1 1
2 2 2
999999 999999 259
933390 929050 370
54166 8525 340
60701 72931 335
12798 59415 340
589720 597603 403
326282 336680 366
13005 152830 375
94433 145482 375
42465 51503 314
133356 90702 354
243983 245661 319
306294 317361 384
101388 31402 351
165410 189319 365
149447 51368 375
729761 728113 362
64719 125390 354
76704 73257 325
892085 896772 370
455603 446102 387
105001 151680 375
685220 672707 385
5106 39205 324
134656 25935 354
95708 109429 354
96898 48770 351
65759 99339 351
126888 104500 354
277872 286972 376
92808 85365 333
71565 102198 351
496569 500076 395
19204 130602 354
46144 95228 351
30309 129279 354
441955 447574 356
233945 231549 368
534009 506561 470
242967 258857 363
523579 510515 470
38655 136800 354
141953 131411 344
67985 10688 340
256245 244556 363
36193 141332 354
33379 14181 308
73264 125003 354
17009 110207 354
350730 319881 441
149914 93354 375
70388 25863 340
395839 379061 436
331080 343162 366
114723 145920 375
7617 14315 276
337827 333771 366
233853 226483 443
41996 78715 351
3556 14973 276
144852 158944 383
33561 55617 340
55185 47578 340
552057 546385 452
26679 88851 351
391901 393523 361
93194 76101 351
61035 87625 351
26249 50602 324
395717 397654 330
898057 889567 370
142318 59696 354
18619 71706 340
942470 940722 339
150661 127943 375
142329 125331 344
8994 50583 324
173492 166820 347
153030 12717 375
276767 271094 358
527719 515885 439
78568 93905 338
118600 74720 354
120281 107684 349
105835 152587 375
262002 269268 407
24749 85420 351
56240 157671 383
128845 131778 344
60284 12859 340
