1 10 20
100 200 125
201 210 89
900 1000 174
1 999999 525
999999 999999 259
10 10 7
200 100 125
1 1 1
216221 883394 525
751141 728515 424
411801 454502 418
598374 71648 470
68736 209364 383
557524 871710 525
23886 412959 449
308527 821447 509
80501 888658 525
818557 764245 468
30707 613523 470
980614 312014 525
754670 112385 509
575655 779411 509
281955 252844 407
934070 685035 525
833214 843843 525
180485 349099 443
126156 719492 509
212619 802828 509
180327 389087 443
24906 185463 383
620699 510885 470
778384 549182 509
18167 324104 443
230898 919855 525
152158 189233 383
69763 112303 354
600781 745218 509
79961 103412 341
699674 113104 509
384643 296297 441
432549 544636 470
614722 225546 470
72897 932193 525
406996 760130 509
564271 429678 470
155117 649822 509
460781 865093 525
207553 966815 525
333024 702077 509
437285 141051 449
538734 593353 452
218228 540621 470
151144 392843 443
705432 963127 525
198951 199835 329
5163 676358 509
595240 208531 470
365182 364063 317
692409 955356 525
146682 222369 386
97875 886347 525
741567 632798 504
600921 914823 525
160167 67621 383
2553 978403 525
75585 811816 509
593700 222551 470
215791 503338 449
606944 789496 509
140331 580238 470
365361 746175 509
325258 300903 384
89742 178177 383
761046 783991 468
500840 159572 449
800129 350304 509
893339 197451 525
82983 582801 470
267644 877362 525
37028 837172 509
217503 99302 386
646802 208196 509
496963 307146 449
105931 101526 341
768478 56358 509
203310 882337 525
782539 730239 468
192988 517579 470
803491 64343 509
727627 534441 509
199866 747754 509
680726 961574 525
812324 880563 525
277506 569693 470
628111 636011 416
536202 693323 509
885707 526557 525
181258 95001 383
543360 143815 470
721616 767222 424
934478 837082 525
537904 686546 509
844095 233798 525
542087 409787 470
443994 773039 509
165426 996078 525
868502 21052 525
201732 153286 383
