1 1 1
1 10 20
10 1 20
1 999999 525
999999 1 525
700000 999999 525
999999 700000 525
675763 845729 525
122025 174290 383
23533 482926 449
456584 336886 449
781367 58986 509
552616 239547 470
94226 979797 525
951283 136249 525
428065 13550 449
767426 192542 509
633908 792035 504
807858 330292 509
654366 472544 509
835995 935222 525
288680 291171 345
637039 817122 504
363685 525035 470
331826 731879 509
392822 870184 525
604451 842900 525
265809 444091 449
145921 238335 443
277682 434513 449
456121 857434 525
929564 926949 476
66880 804373 509
854754 565381 525
142340 846730 525
844444 152639 525
909939 851686 445
256303 992851 525
832396 848138 525
958694 602736 525
878671 151408 525
799823 680457 504
906497 744618 525
941597 815879 525
527363 638956 509
94221 706428 509
761259 529222 509
727958 30661 509
987213 94983 525
731642 474294 509
414460 61129 449
53865 825074 509
435582 888358 525
912312 668995 525
677233 722621 504
681264 31462 509
2393 833390 509
800785 865714 525
166707 328241 443
70059 10718 340
695127 568210 509
910216 295221 525
306299 616326 470
982046 944257 458
792032 426635 509
376600 779996 509
993605 924395 507
754561 360356 509
480581 532298 470
128487 56138 354
791714 74638 509
530715 476491 470
164744 982570 525
124752 286110 443
174529 602882 470
175108 536681 470
381541 864971 525
116786 552976 470
189065 657901 509
651016 326349 509
153960 731131 509
645135 866364 525
268153 865399 525
848819 516738 525
835009 901752 525
955855 624838 525
622694 144411 470
725450 120758 509
80977 618449 470
921528 517201 525
557044 803151 509
554358 206596 470
553726 418363 470
239868 449239 449
778115 67703 509
89490 261058 443
268738 356533 441
998172 183574 525
853293 490703 525
108725 375393 443
978995 401450 525
95193 930325 525
306107 329657 384
310373 956770 525
749045 586225 509
687391 742139 504
122115 18050 354
41249 222901 386
583660 716812 509
656765 152267 509
937846 100870 525
140147 280947 443
126207 493438 449
725857 207846 509
380220 289205 441
936071 49402 525
722224 565011 509
782762 477083 509
431997 38712 449
116146 638418 509
698321 40588 509
681735 547604 509
405363 88955 443
342993 133156 443
667660 589732 509
555656 51499 470
161409 550610 470
694918 570688 509
262531 689764 509
290675 308348 371
476752 117033 449
59857 918791 525
36345 138990 354
112630 653430 509
989326 687746 525
591604 822575 509
14549 624217 470
178626 74131 383
197681 787677 509
140455 841479 525
346426 919490 525
470047 865517 525
885929 134294 525
966731 651806 525
694788 88651 509
413408 227906 449
531169 343160 470
427612 507219 444
303162 379954 441
416255 752974 509
845190 297164 525
847724 173872 525
903225 790261 525
432761 176270 449
237011 79779 443
926353 139488 525
147269 355966 443
484641 285925 449
155576 160337 383
384051 243720 441
688166 628845 442
992320 817086 525
792843 723658 468
835825 73198 509
290795 324754 384
372246 706551 509
387029 646330 509
754801 253646 509
186329 905967 525
887267 78912 525
370873 695798 509
519693 210698 470
419380 541334 470
710186 78487 509
99929 315789 443
272419 514245 470
247438 610929 470
856513 899536 445
464859 136342 449
999381 475358 525
760008 769739 468
527850 647229 509
927953 445227 525
943351 924908 507
144578 81686 375
985667 957866 458
879785 849241 432
647033 477018 509
109485 854902 525
222692 23927 386
448745 459780 387
317548 781547 509
571168 531377 452
816334 542300 509
922114 77136 525
727431 638707 504
761054 467630 509
923415 761191 525
176144 726279 509
377129 755876 509
10623 675581 509
489015 25234 449
387248 622889 470
913810 821883 525
178742 881998 525
397059 848386 525
803109 636105 504
