1 1 1
65467 43564 340
658767 412809 509
164121 748181 509
882653 444613 525
119359 6252 354
669140 236561 509
331844 191144 443
974697 379792 525
185354 513452 470
145931 104162 375
671539 738747 504
664494 612725 509
996615 359537 525
395313 778557 509
661150 460328 509
301250 603670 470
379938 361644 423
152979 51867 375
5957 88083 351
298767 436860 449
453102 805536 509
368569 425185 449
620237 830880 509
533782 326729 470
83248 890887 525
50399 991441 525
374235 810860 509
787766 685390 504
134366 334785 443
119359 36676 354
562349 699761 509
552499 549179 377
838934 785197 525
93220 282250 443
506986 528711 470
155530 959383 525
434548 283264 449
926235 986072 507
544154 120192 470
849945 48711 525
295332 587674 470
940337 884189 507
182660 14033 383
936030 834139 525
63530 493988 449
328940 928945 525
272111 949376 525
320625 189214 443
797754 948216 525
278716 337295 389
154807 975352 525
899441 843368 445
512895 254079 470
151047 46853 375
849918 502913 525
819697 271226 509
403856 725328 509
993040 425182 525
543886 402109 470
803015 27416 509
121072 643931 509
322081 312864 371
107154 383478 443
218336 969677 525
886078 402550 525
203154 366610 443
94641 696019 509
658015 624477 509
586829 533553 452
858535 852978 419
829469 856918 525
637174 955919 525
241487 479685 449
342191 43299 443
491765 547951 470
260802 604639 470
578631 838958 525
262675 478906 449
774847 379220 509
68039 52863 335
924092 119517 525
4595 979700 525
737445 392965 509
477130 674588 509
99313 718713 509
831743 554653 509
424368 877922 525
333813 614066 470
569074 443528 470
115284 985108 525
424208 442530 400
695886 688164 442
989995 239152 525
363223 373586 392
198962 502119 449
847749 882349 432
71849 22881 340
5786 9845 262
1 999999 525
