1 10 20
100 200 125
201 210 89
900 1000 174
10 1 20
7508 8898 252
6660 3789 262
2727 3870 238
7495 8457 252
2906 8535 262
3517 6385 262
4232 2061 238
633 8834 262
4788 3908 215
4164 9378 262
1394 7118 262
9 300 128
29394 12751 308
87236 36202 351
12506 82635 351
1000 1010 143
1010 1500 182
2000 3000 217
33007 99402 351
75786 16679 340
91480 21939 351
91760 66111 351
21445 62504 340
17229 9518 276
3164 18198 279
48347 39920 314
71114 29994 340
84719 36404 351
81857 24283 351
50665 33362 324
45916 34229 324
28027 72981 340
42425 23890 324
11190 65412 340
45563 91064 351
47075 59960 340
69629 62182 330
87237 54167 351
4936 58743 340
17091 8485 276
33403 22853 308
86212 31646 351
88538 59870 351
62176 29707 340
55107 89616 351
88469 13364 351
81695 36047 351
65652 52830 335
82365 92547 333
86003 17779 351
8883 38052 324
54477 61905 335
25826 20993 282
24302 43100 324
44183 19921 324
17971 83018 351
28152 7908 308
8080 9090 247
1234 2345 183
99 199 125
403 509 142
512 890 179
1001 2001 182
6000 7000 262
9000 10000 260
808 850 135
501 8158 262
40270 9869 324
74387 6517 340
76104 19749 340
1 1 1
10 10 7
2 1 2
1000 900 174
86 1436 182
964330 318914 525
157894 821383 509
611711 393895 470
801140 115781 509
719798 335416 509
709738 336115 509
313568 697465 509
432125 817697 509
753680 16563 509
819358 394837 509
320880 916839 525
142754 615237 470
164283 834184 509
400423 794205 509
611079 579100 434
565945 561228 421
750133 264943 509
373071 768858 509
774264 343269 509
840706 884213 432
138564 605463 470
