1 10 20
100 200 125
201 210 89
900 1000 174
977577 985427 427
291181 598045 470
609243 213416 470
808700 699241 468
583153 163589 470
101258 699462 470
790495 115523 470
762716 652048 442
403458 288298 441
739569 225267 470
356277 617015 470
438262 66236 449
197073 750109 470
994627 801741 525
545129 727998 452
339340 771574 470
860986 512788 525
763315 126395 470
991829 29660 525
843895 474285 525
20810 959376 525
830379 921607 525
389466 819174 470
93473 938777 525
592866 105117 470
836015 357590 470
706026 459718 470
611285 716937 447
296787 376327 441
758258 961210 525
934938 840401 476
170364 667384 470
60851 492182 449
806064 213701 470
651673 697682 442
431753 507044 444
531414 380365 470
80629 40345 351
240183 165553 443
924698 591572 525
314681 344509 384
894390 388557 525
527468 328595 470
197636 304400 443
381191 37133 443
582757 299995 470
206213 611356 470
426651 65843 449
151351 585206 470
758170 407361 470
506651 458446 444
264645 594807 470
10815 605862 470
928081 225443 525
444455 620705 470
328501 191339 443
999598 113933 525
798095 478422 470
421648 697810 470
583721 142645 470
404562 651230 470
729865 231902 470
427880 541011 470
697392 578552 447
593 258603 443
871094 888638 432
278079 746697 470
151905 364216 443
595449 680589 447
966578 362525 525
688611 422450 470
148627 61740 375
397916 497372 449
686624 776514 468
855687 524532 525
666159 745921 442
683919 439840 470
913342 128171 525
703002 865218 525
883819 925126 476
400605 948217 525
939806 238513 525
277711 855058 525
402673 491748 449
544679 344560 470
584572 87046 470
632475 889339 525
525679 269799 470
458793 70186 449
252974 496235 449
451247 158703 449
701368 931167 525
172227 382833 443
965514 213863 525
179655 778331 470
455190 3571 449
