1 10 20
100 200 125
201 210 89
900 1000 174
1 1 1
999998 999999 259
500000 679897 509
999998 999998 259
999999 999999 259
999996 999997 114
999995 999997 259
499999 500000 258
357402 105243 443
10 105243 351
559264 21 470
123 456 144
1524 888542 525
12 31 112
65 849 171
75 100 119
25 50 112
50 75 116
46 64 113
91 19 116
78 78 36
16 19 21
300 409 144
305 350 144
307 370 144
642 246 144
82 645 144
37 98 119
545 454 142
273 99421 351
158 3326 217
946 500 179
77845 99624 338
31524 64528 340
11 111 119
111 1111 179
1111 11111 268
11111 11 268
25252 52525 324
648 951 179
311 911 179
62170 12 340
93458 64285 351
99643 33758 351
642538 642195 292
613 316 144
1 999999 525
555555 486321 470
222222 341 341
64 9876 262
64 6457 262
585858 858585 525
343434 434343 449
666 999 179
777 222 171
76429 38510 340
227589 310084 443
372732 967 443
31005 310 308
512 746 171
631 136 144
945 7285 262
6643 98756 351
102 8402 262
1586 1776 180
421421 420420 312
421586 821587 509
315428 642587 509
116453 389 354
642 5124 238
877 778 179
678 20 145
2 35 112
64 98 119
68 7051 262
623 326 144
99842 91000 333
800000 900000 525
600000 800000 509
601010 106060 470
84344 44444 351
68 55 113
55 55555 340
538 4000 238
60000 70000 335
100 1000 179
1001 10000 262
10001 100000 351
1 500000 449
500001 999999 525
6679 343 262
4455 5544 210
21 12 21
84 8484 262
66675 77765 351
1 2 2



