551669 155623 470
715469 116681 509
427027 580186 470
39956 112544 354
711101 892549 525
488784 997469 525
558566 713598 509
837904 930538 476
514822 371592 470
61761 343998 443
213605 889344 525
15558 10522 276
465849 469350 413
959109 280359 525
997034 875084 507
470263 766931 509
207938 195743 373
786981 777178 437
791667 963889 525
432943 917562 525
824766 393383 509
14246 321020 443
917184 195421 525
893349 643852 525
219393 689914 509
173076 723966 509
743731 849793 525
934981 426519 525
528812 283387 470
880495 452539 525
168409 215025 373
938578 845051 476
169501 127988 383
822401 941883 525
520419 792825 509
785546 775557 437
795038 638749 504
662321 512001 509
170657 716792 509
61152 275540 443
464941 254402 449
809203 412389 509
946884 156593 525
57389 686421 509
266706 920442 525
148088 229070 386
679021 913207 525
26792 526355 470
194721 236710 443
471613 856749 525
866516 402708 525
300627 16817 443
599726 369911 470
798853 487739 509
885716 89772 525
849971 205503 525
520323 234538 470
868582 185767 525
728767 887889 525
639181 128003 509
503822 948732 525
927186 155415 525
996392 616556 525
61819 941742 525
578997 707629 509
181494 391630 443
41888 500107 449
684124 807598 504
671610 669604 336
429653 852151 525
243397 444844 449
502980 875875 525
375910 110259 443
307894 395817 441
206502 457459 449
465871 371155 449
807718 523385 509
192096 555304 470
20858 354560 443
913528 161523 525
611773 690646 509
349771 687174 509
273267 627931 509
260438 632017 509
587770 999761 525
986982 163557 525
352589 909204 525
153604 518778 470
323149 414811 449
760568 897273 525
554542 682098 509
580771 775070 509
431371 353511 449
52191 881655 525
832432 44066 509
439254 517453 470
175963 146372 383
324814 235614 407
255937 292295 407
411428 874397 525
