1 1 1
10 10 7
2 1 2
1000 900 174
86 1436 182
190661 979885 525
671095 845269 525
281197 236479 407
963511 971070 458
126254 701954 509
305608 279785 389
361071 219846 443
510008 882559 525
749960 118894 509
805271 705330 468
512820 602083 452
947084 359299 525
542450 538302 408
427309 772666 509
869280 321145 525
514620 993206 525
993207 13813 525
666541 733280 504
763173 183495 509
88253 152370 375
527818 33281 470
801252 416909 509
652269 550354 509
925445 899832 476
138274 306448 443
900343 457958 525
969562 690522 525
727853 456257 509
702921 296966 509
1971 414464 449
412808 685395 509
855214 632826 525
706598 463212 509
595665 928241 525
657068 831684 504
832025 961167 525
664786 191375 509
360991 39651 443
842909 19826 525
781876 990117 525
594165 669446 509
946728 439987 525
293973 98921 443
861583 829859 525
881960 914530 476
371695 349697 410
958117 843661 507
177080 848707 525
281352 331102 389
967652 284577 525
527352 586697 452
793271 887410 525
549328 355200 470
425202 775457 509
154378 417967 449
141376 935488 525
448457 259113 449
968742 244733 525
685942 971562 525
709822 274629 509
877800 687467 525
422653 102967 449
538744 791297 509
478049 920270 525
825184 589192 509
596023 106786 470
273119 64855 443
962816 289761 525
479657 204411 449
183183 137051 383
389944 30526 443
157269 167722 370
794031 771318 437
675350 415838 509
142754 615237 470
164283 834184 509
400423 794205 509
611079 579100 434
565945 561228 421
750133 264943 509
373071 768858 509
774264 343269 509
840706 884213 432
138564 605463 470
964330 318914 525
157894 821383 509
611711 393895 470
801140 115781 509
719798 335416 509
709738 336115 509
313568 697465 509
432125 817697 509
753680 16563 509
819358 394837 509
320880 916839 525
