597701 88426 470
951574 250249 525
289795 808177 509
465026 281132 449
76339 622753 470
749050 930805 525
237534 404539 441
12038 585795 470
257380 276955 407
384946 855669 525
166175 812229 509
940700 733220 525
368529 110453 443
294163 936169 525
210686 176062 373
870940 716173 525
936511 36245 525
406948 652398 509
483190 730339 509
620559 334576 470
775747 640087 504
285231 384443 441
793727 627708 504
122974 964630 525
703890 102047 509
37581 780534 509
779526 442650 509
211466 593382 470
660025 177427 509
501077 431660 444
743560 931614 525
383232 13261 443
151285 444118 449
428360 372164 449
753178 881836 525
906515 321128 525
203689 273401 443
668159 175869 509
799590 130879 509
884093 116346 525
242962 231222 381
577561 667243 509
68974 88912 351
136406 42435 354
581142 866988 525
154322 517158 470
626016 345774 470
17612 566810 470
434730 96903 449
627485 242752 509
60629 194838 383
527842 143158 470
650182 638878 416
494590 380946 449
898657 155728 525
334941 150968 443
562522 206046 470
243768 855130 525
827337 827895 419
568975 256764 470
662845 415922 509
248981 804562 509
36299 657101 509
502782 91546 449
508 622218 470
576710 396001 470
224888 446843 449
481863 389001 449
495780 126369 449
692356 387109 509
76586 696731 509
716867 978988 525
588735 475787 470
304644 461166 449
251320 99870 443
801978 280843 509
900165 805872 525
836306 602599 509
196433 781268 509
72472 191039 383
830305 432826 509
259330 32891 443
327100 109306 443
164726 509714 449
271139 154283 443
283056 476376 449
376975 162289 443
391964 300617 441
858076 964798 507
133387 775466 509
969838 182133 525
799016 828997 450
436776 143227 449
411417 124826 449
713045 597191 509
9378 971959 525
670903 919018 525
769745 444051 509
363531 446271 449
227846 245828 443
