1 1 1
1 2 2
1 3 8
1 4 8
999999 999999 259
1 999999 525
837799 837799 525
999999 1 525
120909 464307 449
318002 943187 525
123111 314366 443
248990 295435 407
91057 138478 354
56104 819287 509
342660 608384 470
892036 655273 525
294337 590101 470
920402 937745 476
108008 530352 470
864775 899082 445
992498 804742 525
85609 113342 354
359359 983651 525
976953 300988 525
838481 694120 525
251129 962680 525
562353 845321 525
918205 745432 525
246257 188303 443
432578 567666 470
741671 415071 509
911206 448056 525
974445 115177 525
485684 916312 525
161605 20799 383
893157 498345 525
817531 970729 525
310474 358690 441
474116 80590 449
795022 695166 504
502924 329590 449
722612 858014 525
373707 437947 449
817558 725688 468
360172 539553 470
152729 547235 470
920652 927831 476
478509 902826 525
233549 479391 449
593289 66295 470
4232 568382 470
672497 372692 509
472484 924740 525
827206 93133 509
912449 170504 525
181000 62863 383
540771 751026 509
445512 599382 470
765290 177208 509
310723 196638 443
239515 71409 443
888875 656632 525
310480 476165 449
140127 760854 509
490409 59698 449
385262 590147 470
243803 826378 509
240604 662324 509
391511 426808 449
574251 663625 509
629736 198049 509
126769 63618 354
736398 825782 468
507346 15854 449
940888 971860 458
509055 945009 525
608349 474701 470
71349 407335 443
485925 294914 449
225113 745365 509
953601 232797 525
867068 894189 445
369547 493779 449
701955 260588 509
708674 38659 509
755478 870090 525
144160 401718 443
594746 722697 509
270393 101536 443
525718 263332 470
542135 431483 470
653852 247571 509
549152 318394 470
911385 696367 525
497461 538453 470
966863 26750 525
332422 938520 525
954645 485718 525
606316 713579 509
255591 213621 443
946118 290663 525
736434 76832 509
522804 438478 470
149898 248177 443
638639 122132 509
985516 929814 507
61750 406697 443
367317 547586 470
