588747 515279 452
545239 148695 470
778003 398592 509
748075 171157 509
533175 190477 470
652681 491441 509
975306 542261 525
182169 114247 383
815331 732860 468
903544 718395 525
248708 849303 525
54157 849531 525
115933 436027 449
554364 798342 509
90701 272069 443
786811 804849 468
634180 954785 525
360624 921725 525
276178 478094 449
150343 626937 509
423333 423334 82
580447 580448 191
222682 222683 94
148295 148296 119
270008 270009 63
807070 807071 75
522334 522335 134
730304 730305 106
481219 481220 170
749153 749154 111
248205 248206 151
47331 47332 102
966952 966953 122
305047 305048 66
100866 100867 67
272532 272533 164
549208 549209 165
688807 688808 124
968185 968186 215
394469 394470 237
175563 175562 197
747879 747878 119
678164 678163 111
948468 948467 171
218834 218833 249
367773 367772 92
15335 15334 178
534521 534520 147
963432 963431 127
515306 515305 90
983424 983424 47
262052 262052 133
21020 21020 88
494039 494039 90
671977 671977 261
966568 966568 96
734095 734095 150
681258 681258 62
621363 621363 142
168523 168523 109
289586 228329 443
899991 571534 525
448487 752213 509
251927 112907 443
549321 893699 525
559510 631393 509
79294 214671 383
162094 578552 470
735268 131706 509
24364 591226 470
581862 482528 470
859468 159280 525
681903 978981 525
457879 10368 449
338845 690964 509
713932 431080 509
720902 831193 468
313617 541650 470
804439 413428 509
935321 655608 525
525552 317807 470
491627 816742 509
306427 390783 441
579098 496736 470
998510 403675 525
707023 420558 509
212439 768001 509
88824 144968 375
212395 48037 383
972827 732983 525
961965 505661 525
740161 931692 525
557657 223809 470
180693 77228 383
821803 127320 509
790300 867534 525
369948 502665 449
201548 903823 525
50541 332067 443
957151 817741 525
