1 1 1
2 2 2
3 3 8
4 4 3
5 5 6
4117 5080 215
402 134 144
9393 7156 260
3423 840 217
9845 7276 260
2539 8592 262
2921 2383 217
2209 5570 238
4889 4727 197
1927 1697 180
6432 453 262
4518 1845 238
8984 1607 262
306 5071 238
8551 96 262
7660 5227 262
1473 3180 217
3719 5430 215
8382 8343 234
2826 4299 238
2553 7914 262
8304 1723 262
6754 2490 262
1775 1612 180
9989 4732 262
3105 1878 217
7125 4476 262
4500 6365 262
2132 1137 182
7370 7002 195
4081 3953 189
7674 9517 260
9718 6343 260
6469 5164 262
2977 9777 262
9915 3923 262
7962 9030 252
737 9397 262
539 3298 217
9678 8631 260
7844 7063 239
3080 8574 262
1897 4473 238
8169 6791 257
5942 4552 236
7687 9102 252
8180 2290 262
1299 295 182
5405 4716 210
1770 1815 162
6827 7055 257
2800 2730 173
5772 1703 238
5975 2747 238
135 6861 262
1178 5826 238
63 8196 262
3240 6754 262
8705 7223 252
9957 9527 242
4806 9097 262
8957 3239 262
2890 259 209
935 8172 262
5532 6721 262
4671 7532 262
334 3932 238
429 5514 238
899 5697 238
1165 8404 262
3772 6917 262
4480 2774 238
5336 2033 238
9517 8544 260
896 7607 262
2180 2306 183
6945 4787 262
7012 7170 195
5926 3560 238
2185 1451 180
3198 2678 217
2608 293 209
7961 3224 262
767 174 171
2231 2698 209
6115 1277 238
8269 5135 262
3370 128 217
3125 2612 217
9249 5279 262
2407 6457 262
7654 908 262
8956 356 262
2027 7599 262
9824 9364 198
