648520 108140 509
632750 582657 509
52590 874251 525
359827 48453 443
532853 412400 470
573752 193725 470
842119 973253 507
528438 200707 470
276113 690397 509
920076 870230 476
747632 456815 509
192102 529541 470
895541 538364 525
949810 83419 525
547860 950883 525
499234 868165 525
915930 506482 525
669799 157089 509
352143 110990 443
229413 519780 470
549790 793842 509
259333 236425 368
928595 408882 525
708090 132198 509
763295 946448 525
616894 410626 470
91693 586208 470
605088 600031 403
171764 633184 509
769039 669465 504
539735 730053 509
402806 270540 441
770307 956719 525
585808 520473 452
105288 63430 351
844584 327322 525
168471 341058 443
815678 153506 509
395657 241375 441
42947 854752 525
753393 901796 525
909966 765064 525
769258 939282 525
145029 327424 443
494877 398191 449
868678 918861 476
47272 771574 509
480803 95293 449
801916 822148 450
119020 160489 383
666716 562175 509
979182 633565 525
625038 998864 525
881468 99366 525
732923 498909 509
465843 314316 449
353975 150768 443
897004 475724 525
638819 235301 509
317744 978505 525
689216 567372 509
422063 326355 449
416374 473726 444
251277 776795 509
153681 936351 525
287534 645736 509
710963 685181 504
748743 514871 509
533062 102671 470
187502 320782 443
604868 285763 470
718287 114148 509
562897 545704 452
883780 640593 525
292155 987173 525
899719 456769 525
61529 970748 525
110997 317137 443
309303 244016 407
574921 321787 470
482608 149226 449
242817 329360 407
359156 960768 525
667451 648325 442
480221 952824 525
504931 167853 449
281601 51748 443
500615 904729 525
319661 695211 509
931956 185898 525
342148 284886 389
77765 976609 525
200046 422931 449
709935 40070 509
546852 859056 525
525603 223863 470
306425 833569 509
234762 696299 509
301934 70865 443
1 1000000 525
