1 1 1
9 1 20
739942 712346 424
21881 617186 470
407903 695084 509
999689 798308 525
619329 157168 470
117520 307371 443
636923 645873 416
747323 374374 509
47834 954582 525
680658 465827 509
387426 866495 525
575011 541732 452
776003 989528 525
70545 572894 470
903235 474285 525
926876 530776 525
478324 753519 509
736863 778286 468
486207 692780 509
703657 62906 509
653908 124613 509
127641 319018 443
309494 601026 470
432250 352996 449
46223 415801 449
310745 163890 443
975506 501429 525
105069 29122 351
467686 231744 449
619974 672504 509
707196 802490 468
344365 31516 443
191781 191046 329
776919 23612 509
254565 431290 449
828423 202038 509
768856 742378 468
205206 61334 383
626590 794323 504
566413 556588 421
57529 181005 383
613675 606507 403
303018 386262 441
627442 489741 509
126124 58907 354
135472 155994 375
197750 466760 449
256367 503063 449
716498 248772 509
536036 618644 452
822426 950679 525
889641 291467 525
677688 448607 509
615691 826479 509
651419 282258 509
454081 93419 449
519777 375971 470
673624 859245 525
595220 206629 470
372987 783560 509
52214 461347 449
147650 392841 443
594953 993225 525
901727 360042 525
276592 736897 509
178322 205684 365
95980 650801 509
342459 820722 509
153825 957931 525
180204 43320 383
965438 798289 525
55236 748216 509
83211 5684 351
780516 387278 509
688645 573717 509
922308 609677 525
839065 651945 525
32779 727919 509
193535 259195 443
207044 92263 383
642147 419022 509
17433 159660 383
766349 163689 509
842927 858550 419
13651 597328 470
649771 958465 525
956836 43988 525
88153 856065 525
135547 957439 525
114549 410118 449
240906 178597 443
998123 446052 525
850396 286471 525
4765 166106 383
225167 129666 386
270828 240029 407
301549 893893 525
740315 875581 525
