1 1 1
1 999999 525
999999 1 525
228750 228991 262
416044 416074 281
323505 323979 291
575839 576070 346
236315 236808 337
822683 822711 168
373035 373061 255
152927 153072 202
706129 706418 305
403418 403807 343
317853 318042 309
486839 486868 201
816534 816798 344
840682 840859 313
981720 982026 321
543945 544027 271
660713 661204 292
51543 51898 247
765991 766087 212
110152 110429 230
645443 645507 248
863984 864342 295
13240 13505 276
507352 507440 289
194387 194476 267
516650 516740 289
77646 78112 276
634648 635016 310
481629 481981 382
947007 947342 383
18373 18507 230
698491 698951 305
464503 464887 338
352027 352226 291
562079 562465 284
367369 367427 242
751649 752126 287
138658 138828 282
956332 956729 308
489928 490285 258
643869 643962 248
386593 386878 255
768275 768389 256
74982 75004 201
750261 750757 362
900156 900357 313
890985 891057 264
651470 651755 323
17805 17959 248
674764 674790 199
517355 516891 302
689345 688980 336
156874 156604 308
461533 461149 444
150414 150058 339
814252 813840 269
221902 221819 249
953016 952798 277
805913 805689 313
916846 916373 308
697800 697406 261
511289 511034 302
956241 956108 352
481166 480989 232
17162 16943 235
438801 438792 95
677498 677085 292
751788 751344 318
798539 798442 256
22453 21993 269
614386 614003 310
588949 588530 315
166439 166277 228
574462 574008 315
196882 196504 298
47425 47052 314
2985 2597 217
870186 869844 357
821778 821370 375
402057 401566 299
379782 379287 361
137299 136816 331
737144 737067 287
915256 915152 264
663290 662972 292
905856 905768 246
14571 14287 209
594342 594258 191
974308 974053 383
433364 433332 188
449310 449123 263
389707 389512 299
941860 941394 339
638325 637843 354
842094 841919 220
257633 257412 332
745687 745316 243
