5 67 113
67 189 125
187 197 120
5 168 122
59 169 122
8 50 112
184 186 45
111 114 70
120 134 122
81 84 111
28 160 122
134 138 91
88 149 122
168 179 125
8 76 116
183 195 120
147 167 117
195 198 120
30 57 113
80 92 111
4 25 24
49 190 125
12 191 125
61 132 122
187 197 120
155 184 125
99 163 122
117 126 109
128 176 125
65 94 116
134 168 117
91 181 125
63 119 119
200 200 27
87 191 125
19 34 112
196 199 120
127 162 122
193 199 120
199 199 120
19 171 125
86 131 122
76 200 125
155 170 112
52 149 122
175 180 81
136 159 117
161 191 125
45 163 122
21 91 116
170 194 125
57 70 108
147 171 125
115 164 122
63 80 116
162 197 125
200 200 27
176 180 32
17 149 122
84 145 122
171 181 125
190 199 120
125 167 122
110 143 122
188 190 107
46 118 119
102 137 122
61 139 122
80 99 119
136 169 117
173 187 94
118 174 125
48 194 125
122 176 125
144 154 117
154 185 125
69 77 116
99 129 122
53 70 113
145 178 125
125 164 122
147 199 125
111 148 122
178 192 107
129 143 122
50 146 122
161 179 125
93 155 122
154 182 125
179 197 120
100 117 114
146 163 117
43 155 122
149 197 125
44 133 122
39 123 119
196 199 120
91 136 122
100 163 122
164 168 112
999998 999999 259
