1 10 20
100 200 125
201 210 89
900 1000 174
86 487 144
702 155 145
328 225 144
222 110 125
340 722 171
849 788 135
718 576 171
425 237 144
866 408 171
500 198 144
850 211 171
266 949 179
54 316 131
963 39 179
262 363 144
138 671 145
645 151 144
485 3 144
13 720 171
800 135 171
698 781 171
313 461 144
848 308 171
618 582 132
390 836 171
267 513 144
985 977 143
298 465 144
121 8 119
985 267 179
487 683 145
878 291 179
407 632 142
364 728 171
958 789 179
310 991 179
196 380 144
743 588 171
205 892 179
700 258 145
988 478 179
619 774 171
956 526 179
531 895 179
8 973 179
678 868 171
768 469 171
513 863 171
124 403 144
590 365 142
615 199 144
572 672 145
482 348 134
483 410 134
509 266 144
61 140 122
89 464 144
871 446 179
983 488 179
66 463 144
12 872 179
101 665 145
28 712 171
71 458 144
292 936 179
109 113 114
522 277 144
509 316 144
210 705 171
699 712 171
718 601 171
824 811 135
83 699 145
784 858 135
77 679 145
753 249 171
27 673 145
20 732 171
11 768 171
807 646 171
878 2 179
977 85 179
554 20 144
181 557 144
937 939 174
473 343 134
145 897 179
13 411 144
701 982 179
459 830 171
217 256 128
726 50 171
998 576 179
636 184 144
873 614 179
860 694 171
