1 10 20
100 200 125
201 210 89
900 1000 174
1 1 1
2 2 2
99 99 26
225627 74550 386
283587 853599 525
11011 125187 354
413076 122988 449
328973 258800 407
609028 286220 470
744464 846948 525
949051 378909 525
478186 71386 449
988043 601903 525
964419 975801 458
540202 598677 452
350425 614453 470
338124 774363 509
734914 86397 509
935877 883477 476
441897 982486 525
366326 682881 509
370550 629694 509
342773 743547 509
237996 569576 470
170859 948752 525
166435 909404 525
139233 110926 349
147409 888908 525
206160 756468 509
850268 709125 525
918794 694748 525
332746 200326 443
848317 648957 525
929912 682001 525
912962 639770 525
230706 20789 443
292311 819390 509
339672 131767 443
766108 340839 509
971975 274381 525
629887 764230 504
724713 575924 509
798668 227548 509
781220 71238 509
626147 610959 447
502404 41212 449
289880 686076 509
249833 985704 525
736602 14234 509
711287 508690 509
723777 256533 509
206613 715660 509
210350 904714 525
475487 444331 444
664903 387624 509
452321 41100 449
107369 940174 525
158338 38787 383
983583 36225 525
905598 105086 525
641547 339320 509
395285 818586 509
934893 152075 525
626800 514485 509
698771 295128 509
596295 847598 525
825579 293095 509
295095 189275 443
477463 855554 525
745288 504867 509
525662 512907 439
700192 358683 509
622715 490509 470
32453 500083 449
881885 972563 507
551397 348154 470
432614 344471 449
625352 205335 470
396529 479657 449
252464 486680 449
745076 312828 509
128766 35427 354
136767 337190 443
507549 903330 525
182469 998655 525
771036 87761 509
114815 478290 449
533244 858661 525
362918 474656 449
159234 264997 443
124615 3619 354
973286 523233 525
870768 349180 525
358391 654937 509
126241 916620 525
934954 388402 525
790387 409525 509
975878 66399 525
984094 433707 525
635717 597063 509
274072 280241 389
552361 882250 525
108016 501110 449
