1 10 20
100 200 125
201 210 89
900 1000 174
1 1 1
2 2 2
10 10 7
100 100 26
1000 1000 112
10000 10000 30
100000 100000 129
999999 999999 259
10 1 20
200 100 125
210 1 125
210 201 89
1000 900 174
4 5 6
7 8 17
4 8 17
1 5 8
1 2 2
1 3 8
1 4 8
1 6 9
1 7 17
1 8 17
2 3 8
2 4 8
2 5 8
2 6 9
2 7 17
2 8 17
3 4 8
3 5 8
3 6 9
3 7 17
3 8 17
4 6 9
4 7 17
5 6 9
5 7 17
5 8 17
6 7 17
6 8 17
99 100 26
499 1000 179
999 1000 112
4999 10000 262
9999 10000 92
49999 100000 351
99999 100000 227
999998 999999 259
500000 999999 525
1 999999 525
800820 852383 525
273466 477600 449
487807 448434 444
927287 508258 525
82158 593554 470
855468 958574 507
96282 576138 470
783368 630057 504
295984 598112 470
784618 125831 509
565933 225514 470
983028 769526 525
344265 93641 443
757944 359594 509
554288 798727 509
675024 51846 509
904299 529161 525
241674 904420 525
815902 328816 509
141311 472641 449
959530 563410 525
14149 496328 449
641714 852752 525
486138 88185 449
814523 364436 509
825601 274934 509
386285 189674 443
348489 776426 509
542902 699575 509
289545 50134 443
270 493594 449
842440 133177 525
924693 637789 525
134104 624988 470
350744 162903 443
923043 790455 525
488626 804002 509
60573 247299 443
894991 191669 525
177945 450973 449
28940 654685 509
760120 12372 509
327098 931165 525
510459 950671 525
183618 548382 470
