9024 79818 351
424572 423023 418
110326 61405 354
23607 48566 324
106751 11526 354
110625 81427 354
93919 51967 351
34839 46619 324
106217 16369 351
32208 40098 324
19222 42777 324
58546 32194 340
56395 89121 351
875418 876754 432
22463 64338 340
61959 109528 354
147595 147989 233
12220 112640 354
26692 63644 340
14280 28829 308
97542 87319 333
988006 986592 396
72918 17944 340
247501 252340 350
20234 103193 351
282917 283501 358
68878 87309 351
24817 31879 308
74152 14092 340
43453 1756 324
62165 57987 335
515975 513523 395
95514 77652 338
34098 36667 324
79064 97002 333
96800 24898 351
112352 52013 354
88920 68214 351
44104 73410 340
79135 112451 354
11063 102118 351
115291 120889 349
87283 71469 351
74047 42576 340
78445 23191 351
36465 52974 340
112909 67634 354
89788 73986 351
742274 746577 349
103442 49195 351
167145 161886 352
77889 35059 351
85352 90570 333
3660 71147 340
458180 455184 356
663714 662067 292
113158 105302 354
46038 39742 314
76312 53563 335
34268 81228 351
96635 4357 351
390805 392084 361
47563 27143 324
73662 34627 340
101084 110583 354
424330 424552 281
12325 96100 351
345722 353854 441
273300 271723 314
348123 345706 441
110887 23617 354
77360 20161 351
324905 325108 229
23080 3661 279
86787 44087 351
44956 12285 324
91822 105570 341
91059 112087 354
88125 77793 338
89098 68044 351
142488 144875 375
344778 341717 353
98869 7550 351
57493 68748 335
334924 331836 353
339822 335348 366
18428 9623 279
34923 106922 354
79986 56092 351
58921 728 340
45333 12065 324
670579 677936 385
43685 12405 324
71766 30017 340
69598 3356 340
107363 110569 310
23341 69183 340
87839 90218 333
18659 22566 274
6186 78315 351
