64 51 113
42 15 112
35 48 110
61 78 116
58 43 113
14 13 18
97 90 119
69 38 113
29 28 19
17 97 119
43 16 112
29 3 112
33 63 113
33 77 116
20 34 112
87 39 116
40 84 116
9 30 112
33 26 112
9 47 112
68 76 116
59 66 108
67 83 116
6 51 112
67 76 116
50 11 112
92 78 111
67 80 116
97 55 119
58 72 108
828 340 171
600 475 142
184 369 144
15 858 171
590 665 145
904 363 179
153 179 125
90 611 144
315 933 179
368 381 108
29 907 179
642 860 171
254 468 144
503 742 171
327 953 179
181 174 81
464 781 171
801 647 171
169 815 171
525 910 179
651 448 145
292 803 171
778 533 171
586 265 144
486 125 144
645 666 145
203 458 144
697 456 145
926 219 179
370 424 134
6071 3490 238
3689 3595 163
5402 569 238
9293 3762 262
9223 7857 252
7611 7086 239
2577 7074 262
4120 7426 262
8587 8625 172
7690 3344 262
81 1627 182
5969 6163 187
124 5685 238
4811 5121 210
8015 5332 262
1776 4438 238
8973 5465 262
8184 4727 262
6033 7676 262
8640 5608 262
5885 6451 262
2893 8461 262
3876 7164 262
6238 2814 262
5989 4128 236
6157 6221 262
5754 2477 238
2584 6029 238
8313 7546 252
1502 6528 262
3077 42477 324
11117 31801 308
47941 58500 340
26727 83526 351
46575 94167 351
20533 91659 351
61569 33377 340
12071 26396 282
11140 67309 340
48810 17280 324
