22212 8515 279
24265 24798 264
15752 14650 271
13333 5525 276
7682 23458 279
4871 24599 282
14255 15454 271
24048 21580 282
9229 17561 276
9562 20615 279
6798 7591 257
5931 19673 279
5769 9417 262
13000 4109 268
19248 3080 279
927 15663 276
7626 20293 279
13431 18490 279
23050 3705 279
13587 12580 276
10224 7534 260
20030 11543 279
22215 13881 279
3930 9043 262
11665 19980 279
15530 980 276
21404 1140 279
21046 21940 256
12255 2073 268
22037 3174 279
10271 24647 282
14037 22564 279
7535 8385 252
5343 2825 238
5150 19191 279
11206 21431 279
17481 10782 276
3212 13040 268
14467 22984 279
6484 9315 260
11403 19799 279
11757 23367 279
9220 7767 252
13500 5110 276
7800 16497 276
18219 12613 279
7486 23437 279
19179 5388 279
2434 5259 238
10193 1823 262
10340 3233 262
12182 16505 276
22637 2037 279
12405 644 268
13432 6170 276
1814 10140 262
4750 24969 282
49 1534 182
4076 5194 215
3545 3595 194
423 8372 262
16544 24181 282
2622 12940 268
15140 18889 279
18779 15598 279
20522 17869 274
15496 19351 279
8824 3699 262
6450 7795 257
24885 1478 282
24045 10318 282
22644 2816 279
24501 1434 282
16903 3495 276
4604 3486 238
17635 22531 279
4901 149 238
14519 19137 279
22347 3129 279
98 8335 262
9690 18280 279
13586 18653 279
2617 22304 279
5108 19794 279
21690 21600 194
13535 23972 282
5220 2802 238
15693 2696 276
24859 12762 282
12283 15836 276
6906 5294 262
24349 11817 282
813 10355 262
14911 21746 279
5551 3512 238
6456 12764 268
1111 12840 268
5947 19805 279
13543 10105 276
890 11195 268
