963586 963945 383
267133 267629 314
618102 618365 248
507660 508106 364
797133 797204 344
151823 151865 264
248498 248787 288
741014 741189 287
644139 644630 261
92966 93029 315
761511 761660 256
591403 591644 284
224110 224181 231
771798 772188 362
278708 279090 314
858012 858125 282
240576 240752 368
487799 487816 338
37090 37362 262
388567 388718 299
867643 868092 326
797051 797297 344
498776 498965 245
42857 42879 195
236578 236741 306
719846 720105 349
78949 79056 214
287741 287828 221
154870 155053 264
625188 625316 354
775675 775879 300
527433 527675 346
558879 559130 253
489896 489946 183
235278 235400 306
853263 853587 357
71845 72147 250
526541 526604 271
90196 90591 315
662242 662316 248
442939 443417 325
391610 391944 330
621800 622196 372
250454 250467 151
786023 786146 269
408758 408939 312
442954 443317 325
695491 695535 243
910223 910690 308
337429 337752 366
970640 970660 215
165735 166133 352
404206 404623 312
84733 85002 258
884112 884195 264
697311 697546 318
291487 291689 265
382884 383322 330
320294 320401 291
349541 349800 366
968480 968610 246
161839 162318 290
986372 986844 290
685456 685696 261
810702 811182 406
448220 448699 369
686362 686835 336
412585 412788 312
621443 621591 310
846480 846648 313
357829 358046 273
775828 776059 256
976239 976712 383
959744 959789 246
852401 852668 313
212897 213311 311
591966 591972 341
39051 39526 275
447855 448036 263
460291 460549 276
734955 735364 256
35575 35915 324
669245 669630 292
579546 579778 328
783089 783330 225
414906 414969 281
400979 401355 387
654308 654545 292
243446 243489 319
416161 416406 343
352210 352667 335
172768 173063 272
271696 271769 208
974847 974935 215
758030 758130 287
304668 304716 247
830205 830468 344
101293 101336 222
369598 369976 286
796678 797150 375
