1630 8155 262
9534 1887 262
5118 2089 238
9144 9257 260
1954 3020 217
9111 1265 262
8102 4603 262
201 7813 262
4072 6444 262
8904 139 262
7087 8577 252
6023 7704 262
376 1010 179
7567 7522 151
6739 3791 262
8370 5660 262
8872 8038 234
4914 9942 262
602 6763 262
4592 5720 236
403 1454 182
4706 5479 210
247 890 179
7304 4291 262
2283 4211 238
3780 3819 176
7506 1338 262
8227 734 262
7553 4530 262
711 500 171
6094 3174 238
7670 5982 262
4088 6400 262
7725 9040 252
9439 515 262
3263 5663 238
8446 4697 262
8635 2333 262
3077 6667 262
4180 8334 262
786 5716 238
9894 8030 260
8305 3803 262
7324 9973 260
1176 7093 262
3125 213 217
2394 6833 262
9498 6428 260
6032 4604 236
5875 2183 238
5356 1395 238
4567 2142 238
366 4502 238
1127 6671 262
1964 773 182
7369 1517 262
2448 6655 262
8859 4136 262
2509 1981 209
8428 5695 262
9421 8590 260
9059 1640 262
3794 2353 238
9521 400 262
4849 7648 262
5121 3312 238
6884 3481 262
8571 981 262
91 1069 179
2465 9150 262
238 6087 238
524 2228 183
1124 3537 217
5692 8123 262
3265 6715 262
5199 4199 215
8432 6416 257
3979 6187 262
3893 126 238
1982 3578 217
5095 6279 262
148 7634 262
9345 3058 262
3337 3625 194
3944 5664 236
6507 4727 262
9796 388 262
4070 2478 238
304 3743 238
7553 2872 262
6320 3402 262
8525 7028 252
6801 620 262
1960 6692 262
3221 6990 262
1333 1659 172
4230 2708 238
6232 4499 262
6291 4695 262
6863 6611 182
