1 10 20
100 200 125
201 210 89
900 1000 174
1 1 1
1 999999 525
10 1 20
999998 999999 259
2342 54645 340
1432 76675 340
699284 234542 509
413324 435246 418
16 2 20
32413 43526 324
234145 435143 449
33456 456767 449
797867 876765 525
45635 243565 443
542654 1 470
5 6 9
222 224 71
432 3243 217
768 5676 238
987 999 112
8678 9879 260
3214 5676 238
6367 6768 244
3452 4352 238
332 456 134
564 687 145
5463 7867 262
234 563 144
6764 7855 257
432 456 116
265 654 145
673 1 145
452 67 144
341 145 144
76574 87576 351
3241 4567 238
5463 6876 262
425 673 145
513 563 137
456 6576 262
6537 6588 213
435 4562 238
445 352 134
7678 9897 260
787876 879857 525
3 3 8
132 435 144
345 456 134
4354 3456 238
5466 34533 311
576 6537 262
7687 4567 262
6734 8958 257
1344 4564 238
3424 6575 262
341 562 142
4562 4563 153
563 563 44
5643 4563 236
657 765 171
787 976 179
5674 8987 262
1432 34545 311
564565 587587 434
345 870 171
5690 76507 340
234 255 128
2356 4365 238
6245 6846 244
12332 87214 351
23436 78769 351
34545 98809 351
932432 986754 507
45643 34567 324
87080 99090 333
214 434 144
4764 6576 262
1304 65460 340
3450 3499 181
435 503 142
736 1234 182
5634 7565 262
2034 4550 238
46 432545 449
657 9065 262
3457 9704 262
432 1003 179
3459 43506 324
43529 34509 324
6097 56090 340
46 1 112
46096 35604 324
43059 63409 340
132 45 122
563 7745 262
100 101 26
