1 1 1
85 51 116
89 55 116
99 80 119
12 45 112
36 30 107
57 14 113
97 8 119
65 46 113
59 27 113
97 92 119
65 65 28
77 17 116
54 4 113
25 78 116
55 46 113
22 38 112
31 68 113
47 75 116
63 40 113
78 75 36
55 21 113
66 42 113
51 6 112
87 18 116
85 1 116
44 19 112
86 41 116
66 26 113
54 23 113
77 15 116
92 54 116
38 82 116
14 32 112
99 60 119
3141 1524 217
2859 6248 262
3370 6423 262
1433 4067 238
9779 694 262
3891 391 238
7443 508 262
7201 2040 262
1421 3526 217
1007 1318 182
7211 7171 164
2138 9501 262
4653 1265 238
5771 6941 262
4845 8031 262
8839 8984 247
4194 9130 262
8503 1233 262
5449 6769 262
2600 2968 217
7246 2137 262
2476 8210 262
8425 4670 262
9372 704 262
35 9068 262
3647 4229 238
443 2133 182
8624 475 262
3986 8880 262
7785 399 262
4720 108 238
8183 6705 257
331 7563 262
7202 3400 262
963527 700123 525
550561 642392 509
256852 886009 525
599188 612936 403
277287 436454 449
605670 262819 470
283503 733074 509
297636 625191 470
949388 373155 525
828766 387901 509
357202 114988 443
649872 654928 385
574063 895815 525
266484 687688 509
123225 866408 525
900611 906518 445
712844 455605 509
481460 261739 449
146084 451948 449
792822 973172 525
795793 121174 509
483824 476052 413
962134 552351 525
556693 818100 509
822298 934202 525
329667 861385 525
365877 589007 470
838768 976548 507
655312 494084 509
288855 628864 509
451699 179548 449
26877 646309 509
871387 580439 525
501547 550952 470
